2024-05-29 07:01:33 INFO  MyLogger:10 - Program Started Successfully
2024-05-29 07:01:34 INFO  MyLogger:10 - Opening Truck Menu
2024-05-29 07:01:36 INFO  MyLogger:10 - Opening Coffee Menu
2024-05-29 07:01:40 INFO  MyLogger:10 - Opening Reports Menu
2024-05-29 07:01:42 INFO  MyLogger:10 - Opening Settings Window
2024-05-29 07:12:38 INFO  MyLogger:10 - Program Started Successfully
2024-05-29 07:12:39 INFO  MyLogger:10 - Opening Coffee Menu
2024-05-29 07:12:48 INFO  MyLogger:10 - Opening Truck Menu
2024-05-29 07:12:52 INFO  MyLogger:10 - Opening Reports Menu
2024-05-29 07:13:08 INFO  MyLogger:10 - Program Started Successfully
2024-05-29 07:13:17 INFO  MyLogger:10 - Program Started Successfully
2024-05-29 07:14:08 INFO  MyLogger:10 - Program Started Successfully
2024-05-29 07:14:22 INFO  MyLogger:10 - Program Started Successfully
2024-05-29 07:14:23 INFO  MyLogger:10 - Opening Coffee Menu
2024-05-29 07:14:57 INFO  MyLogger:10 - Program Started Successfully
2024-05-29 07:14:58 INFO  MyLogger:10 - Opening Coffee Menu
2024-05-29 07:15:00 INFO  MyLogger:10 - Opening Coffee Menu
2024-05-29 07:15:01 INFO  MyLogger:10 - Opening Truck Menu
2024-05-29 07:15:04 INFO  MyLogger:10 - Opening Coffee Menu
2024-05-29 07:15:09 INFO  MyLogger:10 - Opening Reports Menu
